<?xml version="1.0" encoding="UTF-8"?>
<testng-results ignored="0" total="2" passed="1" failed="1" skipped="0">
  <reporter-output>
  </reporter-output>
  <suite started-at="2023-01-14T12:00:24 IST" name="Suite" finished-at="2023-01-14T12:00:50 IST" duration-ms="25917">
    <groups>
    </groups>
    <test started-at="2023-01-14T12:00:24 IST" name="Test2" finished-at="2023-01-14T12:00:45 IST" duration-ms="20887">
      <class name="WebAutomation.AddRemoveItemBasketTest">
        <test-method is-config="true" signature="setUp()[pri:0, instance:WebAutomation.AddRemoveItemBasketTest@2e385cce]" started-at="2023-01-14T12:00:25 IST" name="setUp" finished-at="2023-01-14T12:00:32 IST" duration-ms="7199" status="PASS">
          <reporter-output>
          </reporter-output>
        </test-method> <!-- setUp -->
        <test-method signature="addRemoveItem()[pri:0, instance:WebAutomation.AddRemoveItemBasketTest@2e385cce]" started-at="2023-01-14T12:00:32 IST" name="addRemoveItem" finished-at="2023-01-14T12:00:44 IST" duration-ms="12182" status="FAIL">
          <exception class="java.lang.AssertionError">
            <message>
              <![CDATA[Cart Amount did not match the expected amount $45.24expected $26.13]]>
            </message>
            <full-stacktrace>
              <![CDATA[java.lang.AssertionError: Cart Amount did not match the expected amount $45.24expected $26.13
at org.testng.Assert.fail(Assert.java:99)
at WebAutomation.AddRemoveItemBasketTest.addRemoveItem(AddRemoveItemBasketTest.java:72)
at java.base/jdk.internal.reflect.NativeMethodAccessorImpl.invoke0(Native Method)
at java.base/jdk.internal.reflect.NativeMethodAccessorImpl.invoke(NativeMethodAccessorImpl.java:77)
at java.base/jdk.internal.reflect.DelegatingMethodAccessorImpl.invoke(DelegatingMethodAccessorImpl.java:43)
at java.base/java.lang.reflect.Method.invoke(Method.java:568)
at org.testng.internal.MethodInvocationHelper.invokeMethod(MethodInvocationHelper.java:133)
at org.testng.internal.TestInvoker.invokeMethod(TestInvoker.java:598)
at org.testng.internal.TestInvoker.invokeTestMethod(TestInvoker.java:173)
at org.testng.internal.MethodRunner.runInSequence(MethodRunner.java:46)
at org.testng.internal.TestInvoker$MethodInvocationAgent.invoke(TestInvoker.java:824)
at org.testng.internal.TestInvoker.invokeTestMethods(TestInvoker.java:146)
at org.testng.internal.TestMethodWorker.invokeTestMethods(TestMethodWorker.java:146)
at org.testng.internal.TestMethodWorker.run(TestMethodWorker.java:128)
at java.base/java.util.ArrayList.forEach(ArrayList.java:1511)
at org.testng.TestRunner.privateRun(TestRunner.java:794)
at org.testng.TestRunner.run(TestRunner.java:596)
at org.testng.SuiteRunner.runTest(SuiteRunner.java:377)
at org.testng.SuiteRunner.access$000(SuiteRunner.java:28)
at org.testng.SuiteRunner$SuiteWorker.run(SuiteRunner.java:418)
at org.testng.internal.thread.ThreadUtil.lambda$execute$0(ThreadUtil.java:64)
at java.base/java.util.concurrent.FutureTask.run(FutureTask.java:264)
at java.base/java.util.concurrent.ThreadPoolExecutor.runWorker(ThreadPoolExecutor.java:1136)
at java.base/java.util.concurrent.ThreadPoolExecutor$Worker.run(ThreadPoolExecutor.java:635)
at java.base/java.lang.Thread.run(Thread.java:833)
]]>
            </full-stacktrace>
          </exception> <!-- java.lang.AssertionError -->
          <reporter-output>
          </reporter-output>
        </test-method> <!-- addRemoveItem -->
        <test-method is-config="true" signature="tearDown()[pri:0, instance:WebAutomation.AddRemoveItemBasketTest@2e385cce]" started-at="2023-01-14T12:00:45 IST" name="tearDown" finished-at="2023-01-14T12:00:45 IST" duration-ms="425" status="PASS">
          <reporter-output>
          </reporter-output>
        </test-method> <!-- tearDown -->
      </class> <!-- WebAutomation.AddRemoveItemBasketTest -->
    </test> <!-- Test2 -->
    <test started-at="2023-01-14T12:00:24 IST" name="Test" finished-at="2023-01-14T12:00:50 IST" duration-ms="25915">
      <class name="WebAutomation.OrderCompleteTest">
        <test-method is-config="true" signature="setUp()[pri:0, instance:WebAutomation.OrderCompleteTest@2d710f1a]" started-at="2023-01-14T12:00:25 IST" name="setUp" finished-at="2023-01-14T12:00:33 IST" duration-ms="7668" status="PASS">
          <reporter-output>
          </reporter-output>
        </test-method> <!-- setUp -->
        <test-method signature="endToEndTest()[pri:0, instance:WebAutomation.OrderCompleteTest@2d710f1a]" started-at="2023-01-14T12:00:33 IST" name="endToEndTest" finished-at="2023-01-14T12:00:50 IST" duration-ms="17111" status="PASS">
          <reporter-output>
          </reporter-output>
        </test-method> <!-- endToEndTest -->
        <test-method is-config="true" signature="tearDown()[pri:0, instance:WebAutomation.OrderCompleteTest@2d710f1a]" started-at="2023-01-14T12:00:50 IST" name="tearDown" finished-at="2023-01-14T12:00:50 IST" duration-ms="332" status="PASS">
          <reporter-output>
          </reporter-output>
        </test-method> <!-- tearDown -->
      </class> <!-- WebAutomation.OrderCompleteTest -->
    </test> <!-- Test -->
  </suite> <!-- Suite -->
</testng-results>
